<?xml version="1.0" encoding="UTF-8"?>
<!-- Generated by org.testng.reporters.JUnitReportReporter -->
<testsuite skipped="0" hostname="puha-PC" name="com.mycompany.app.GoogleTest.GoogleTest" tests="2" failures="0" timestamp="2020-01-06T21:20:46 GMT" time="10.359" errors="0">
  <testcase name="searchResultsAppears_WithInputTool" time="5.728" classname="com.mycompany.app.GoogleTest.GoogleTest"/>
  <testcase name="searchResultsAppears" time="4.631" classname="com.mycompany.app.GoogleTest.GoogleTest"/>
</testsuite> <!-- com.mycompany.app.GoogleTest.GoogleTest -->
